0 info it worked if it ends with ok
1 verbose cli [ 'C:\\Program Files\\nodejs\\node.exe',
1 verbose cli   'C:\\Users\\el_da\\AppData\\Roaming\\npm\\node_modules\\npm\\bin\\npm-cli.js',
1 verbose cli   'install',
1 verbose cli   '-g',
1 verbose cli   'typscript' ]
2 info using npm@3.8.8
3 info using node@v5.11.0
4 silly loadCurrentTree Starting
5 silly install loadCurrentTree
6 silly install readGlobalPackageData
7 silly fetchPackageMetaData typscript
8 silly fetchNamedPackageData typscript
9 silly mapToRegistry name typscript
10 silly mapToRegistry using default registry
11 silly mapToRegistry registry https://registry.npmjs.org/
12 silly mapToRegistry data Result {
12 silly mapToRegistry   raw: 'typscript',
12 silly mapToRegistry   scope: null,
12 silly mapToRegistry   name: 'typscript',
12 silly mapToRegistry   rawSpec: '',
12 silly mapToRegistry   spec: 'latest',
12 silly mapToRegistry   type: 'tag' }
13 silly mapToRegistry uri https://registry.npmjs.org/typscript
14 verbose request uri https://registry.npmjs.org/typscript
15 verbose request no auth needed
16 info attempt registry request try #1 at 9:17:27 PM
17 verbose request id ca084d607be909b8
18 http request GET https://registry.npmjs.org/typscript
19 http 404 https://registry.npmjs.org/typscript
20 verbose headers { 'content-type': 'application/json',
20 verbose headers   'cache-control': 'max-age=0',
20 verbose headers   'content-length': '2',
20 verbose headers   'accept-ranges': 'bytes',
20 verbose headers   date: 'Wed, 15 Jun 2016 02:17:29 GMT',
20 verbose headers   via: '1.1 varnish',
20 verbose headers   age: '0',
20 verbose headers   connection: 'keep-alive',
20 verbose headers   'x-served-by': 'cache-ord1738-ORD',
20 verbose headers   'x-cache': 'MISS',
20 verbose headers   'x-cache-hits': '0',
20 verbose headers   'x-timer': 'S1465957049.172841,VS0,VE131',
20 verbose headers   vary: 'Accept-Encoding' }
21 silly get cb [ 404,
21 silly get   { 'content-type': 'application/json',
21 silly get     'cache-control': 'max-age=0',
21 silly get     'content-length': '2',
21 silly get     'accept-ranges': 'bytes',
21 silly get     date: 'Wed, 15 Jun 2016 02:17:29 GMT',
21 silly get     via: '1.1 varnish',
21 silly get     age: '0',
21 silly get     connection: 'keep-alive',
21 silly get     'x-served-by': 'cache-ord1738-ORD',
21 silly get     'x-cache': 'MISS',
21 silly get     'x-cache-hits': '0',
21 silly get     'x-timer': 'S1465957049.172841,VS0,VE131',
21 silly get     vary: 'Accept-Encoding' } ]
22 silly fetchPackageMetaData Error: Registry returned 404 for GET on https://registry.npmjs.org/typscript
22 silly fetchPackageMetaData     at makeError (C:\Users\el_da\AppData\Roaming\npm\node_modules\npm\node_modules\npm-registry-client\lib\request.js:264:12)
22 silly fetchPackageMetaData     at CachingRegistryClient.<anonymous> (C:\Users\el_da\AppData\Roaming\npm\node_modules\npm\node_modules\npm-registry-client\lib\request.js:242:14)
22 silly fetchPackageMetaData     at Request._callback (C:\Users\el_da\AppData\Roaming\npm\node_modules\npm\node_modules\npm-registry-client\lib\request.js:172:14)
22 silly fetchPackageMetaData     at Request.self.callback (C:\Users\el_da\AppData\Roaming\npm\node_modules\npm\node_modules\request\request.js:200:22)
22 silly fetchPackageMetaData     at emitTwo (events.js:100:13)
22 silly fetchPackageMetaData     at Request.emit (events.js:185:7)
22 silly fetchPackageMetaData     at Request.<anonymous> (C:\Users\el_da\AppData\Roaming\npm\node_modules\npm\node_modules\request\request.js:1067:10)
22 silly fetchPackageMetaData     at emitOne (events.js:95:20)
22 silly fetchPackageMetaData     at Request.emit (events.js:182:7)
22 silly fetchPackageMetaData     at IncomingMessage.<anonymous> (C:\Users\el_da\AppData\Roaming\npm\node_modules\npm\node_modules\request\request.js:988:12)
22 silly fetchPackageMetaData  error for typscript { [Error: Registry returned 404 for GET on https://registry.npmjs.org/typscript] pkgid: 'typscript', statusCode: 404, code: 'E404' }
23 silly rollbackFailedOptional Starting
24 silly rollbackFailedOptional Finishing
25 silly runTopLevelLifecycles Starting
26 silly runTopLevelLifecycles Finishing
27 silly install printInstalled
28 verbose stack Error: Registry returned 404 for GET on https://registry.npmjs.org/typscript
28 verbose stack     at makeError (C:\Users\el_da\AppData\Roaming\npm\node_modules\npm\node_modules\npm-registry-client\lib\request.js:264:12)
28 verbose stack     at CachingRegistryClient.<anonymous> (C:\Users\el_da\AppData\Roaming\npm\node_modules\npm\node_modules\npm-registry-client\lib\request.js:242:14)
28 verbose stack     at Request._callback (C:\Users\el_da\AppData\Roaming\npm\node_modules\npm\node_modules\npm-registry-client\lib\request.js:172:14)
28 verbose stack     at Request.self.callback (C:\Users\el_da\AppData\Roaming\npm\node_modules\npm\node_modules\request\request.js:200:22)
28 verbose stack     at emitTwo (events.js:100:13)
28 verbose stack     at Request.emit (events.js:185:7)
28 verbose stack     at Request.<anonymous> (C:\Users\el_da\AppData\Roaming\npm\node_modules\npm\node_modules\request\request.js:1067:10)
28 verbose stack     at emitOne (events.js:95:20)
28 verbose stack     at Request.emit (events.js:182:7)
28 verbose stack     at IncomingMessage.<anonymous> (C:\Users\el_da\AppData\Roaming\npm\node_modules\npm\node_modules\request\request.js:988:12)
29 verbose statusCode 404
30 verbose pkgid typscript
31 verbose cwd c:\Users\el_da\Documents\Projects\EBC2\EBC2
32 error Windows_NT 10.0.10586
33 error argv "C:\\Program Files\\nodejs\\node.exe" "C:\\Users\\el_da\\AppData\\Roaming\\npm\\node_modules\\npm\\bin\\npm-cli.js" "install" "-g" "typscript"
34 error node v5.11.0
35 error npm  v3.8.8
36 error code E404
37 error 404 Registry returned 404 for GET on https://registry.npmjs.org/typscript
38 error 404
39 error 404 'typscript' is not in the npm registry.
40 error 404 You should bug the author to publish it (or use the name yourself!)
41 error 404 Note that you can also install from a
42 error 404 tarball, folder, http url, or git url.
43 verbose exit [ 1, true ]
